
███████  █████  ██    ██  █████  ███    ██  █████
██      ██   ██ ██    ██ ██   ██ ████   ██ ██   ██
███████ ███████ ██    ██ ███████ ██ ██  ██ ███████
     ██ ██   ██  ██  ██  ██   ██ ██  ██ ██ ██   ██
███████ ██   ██   ████   ██   ██ ██   ████ ██   ██

Version 0.2.1 - beta
Source: /savana/miniconda3/lib/python3.10/site-packages/savana/savana.py

Using /juno/work/shah/isabl_data_lake/assemblies/GRCh37/GRCh37-lite/GRCh37-lite.fa.fai as reference fasta index
Using multiprocessing with 4 threads

Total time                              3010.61 seconds

------------------------------------------------------------
Sender: LSF System <lsfadmin@jb19>
Subject: Job 49060132: <JOBNAME.run_savana.sample=SPECTRUM-OV-004> in cluster <juno> Exited

Job <JOBNAME.run_savana.sample=SPECTRUM-OV-004> was submitted from host <ceto> by user <chois7> in cluster <juno> at Tue Jan 31 11:31:23 2023
Job was executed on host(s) <4*jb19>, in queue <general>, as user <chois7> in cluster <juno> at Tue Jan 31 11:31:25 2023
</home/chois7> was used as the home directory.
</home/chois7/chois7/tickets/savana/pipeline> was used as the working directory.
Started at Tue Jan 31 11:31:25 2023
Terminated at Tue Jan 31 12:21:51 2023
Results reported at Tue Jan 31 12:21:51 2023

Your job looked like:

------------------------------------------------------------
# LSBATCH: User input
/juno/work/shah/users/chois7/tickets/savana/pipeline/.snakemake/tmp.d0i9ll_f/snakejob.run_savana.1.sh
------------------------------------------------------------

Exited with exit code 1.

Resource usage summary:

    CPU time :                                   11035.87 sec.
    Max Memory :                                 34 GB
    Average Memory :                             4.76 GB
    Total Requested Memory :                     40.00 GB
    Delta Memory :                               6.00 GB
    Max Swap :                                   -
    Max Processes :                              11
    Max Threads :                                34
    Run time :                                   3027 sec.
    Turnaround time :                            3028 sec.

The output (if any) is above this job summary.



PS:

Read file <logs/run_savana.sample=SPECTRUM-OV-004.err> for stderr output of this job.

